[2019-12-26 17:50:26][DEBUG][INFO] : [consumer_0====23]
[2019-12-26 17:50:32][DEBUG][INFO] : [consumer_2====25]
[2019-12-27 16:03:02][DEBUG][WARNING] : [unlink(/tmp/TaskWorker.fcce5581d6be0f3a066f7bc0ea2582273.sock): Operation not permitted at file:/home/vagrant/code/easyswoole/vendor/easyswoole/component/src/Process/Socket/AbstractUnixProcess.php line:27]
[2019-12-27 16:03:02][DEBUG][WARNING] : [unlink(/tmp/TaskWorker.fcce5581d6be0f3a066f7bc0ea2582272.sock): Operation not permitted at file:/home/vagrant/code/easyswoole/vendor/easyswoole/component/src/Process/Socket/AbstractUnixProcess.php line:27]
[2019-12-27 16:03:02][DEBUG][WARNING] : [unlink(/tmp/TaskWorker.fcce5581d6be0f3a066f7bc0ea2582271.sock): Operation not permitted at file:/home/vagrant/code/easyswoole/vendor/easyswoole/component/src/Process/Socket/AbstractUnixProcess.php line:27]
[2019-12-27 16:03:02][DEBUG][WARNING] : [unlink(/tmp/TaskWorker.fcce5581d6be0f3a066f7bc0ea2582270.sock): Operation not permitted at file:/home/vagrant/code/easyswoole/vendor/easyswoole/component/src/Process/Socket/AbstractUnixProcess.php line:27]
[2019-12-27 16:03:02][DEBUG][ERROR] : [listen /tmp/TaskWorker.fcce5581d6be0f3a066f7bc0ea2582272.sock fail at class EasySwoole\Task\Worker at file:/home/vagrant/code/easyswoole/vendor/easyswoole/component/src/Process/Socket/AbstractUnixProcess.php line:32]
[2019-12-27 16:03:02][DEBUG][ERROR] : [listen /tmp/TaskWorker.fcce5581d6be0f3a066f7bc0ea2582273.sock fail at class EasySwoole\Task\Worker at file:/home/vagrant/code/easyswoole/vendor/easyswoole/component/src/Process/Socket/AbstractUnixProcess.php line:32]
[2019-12-27 16:03:02][DEBUG][ERROR] : [listen /tmp/TaskWorker.fcce5581d6be0f3a066f7bc0ea2582271.sock fail at class EasySwoole\Task\Worker at file:/home/vagrant/code/easyswoole/vendor/easyswoole/component/src/Process/Socket/AbstractUnixProcess.php line:32]
[2019-12-27 16:03:02][DEBUG][ERROR] : [listen /tmp/TaskWorker.fcce5581d6be0f3a066f7bc0ea2582270.sock fail at class EasySwoole\Task\Worker at file:/home/vagrant/code/easyswoole/vendor/easyswoole/component/src/Process/Socket/AbstractUnixProcess.php line:32]
[2019-12-27 16:04:49][DEBUG][WARNING] : [unlink(/tmp/TaskWorker.fcce5581d6be0f3a066f7bc0ea2582271.sock): Operation not permitted at file:/home/vagrant/code/easyswoole/vendor/easyswoole/component/src/Process/Socket/AbstractUnixProcess.php line:27]
[2019-12-27 16:04:49][DEBUG][WARNING] : [unlink(/tmp/TaskWorker.fcce5581d6be0f3a066f7bc0ea2582270.sock): Operation not permitted at file:/home/vagrant/code/easyswoole/vendor/easyswoole/component/src/Process/Socket/AbstractUnixProcess.php line:27]
[2019-12-27 16:04:49][DEBUG][ERROR] : [listen /tmp/TaskWorker.fcce5581d6be0f3a066f7bc0ea2582271.sock fail at class EasySwoole\Task\Worker at file:/home/vagrant/code/easyswoole/vendor/easyswoole/component/src/Process/Socket/AbstractUnixProcess.php line:32]
[2019-12-27 16:04:49][DEBUG][WARNING] : [unlink(/tmp/TaskWorker.fcce5581d6be0f3a066f7bc0ea2582272.sock): Operation not permitted at file:/home/vagrant/code/easyswoole/vendor/easyswoole/component/src/Process/Socket/AbstractUnixProcess.php line:27]
[2019-12-27 16:04:49][DEBUG][WARNING] : [unlink(/tmp/TaskWorker.fcce5581d6be0f3a066f7bc0ea2582273.sock): Operation not permitted at file:/home/vagrant/code/easyswoole/vendor/easyswoole/component/src/Process/Socket/AbstractUnixProcess.php line:27]
[2019-12-27 16:04:49][DEBUG][ERROR] : [listen /tmp/TaskWorker.fcce5581d6be0f3a066f7bc0ea2582270.sock fail at class EasySwoole\Task\Worker at file:/home/vagrant/code/easyswoole/vendor/easyswoole/component/src/Process/Socket/AbstractUnixProcess.php line:32]
[2019-12-27 16:04:49][DEBUG][ERROR] : [listen /tmp/TaskWorker.fcce5581d6be0f3a066f7bc0ea2582272.sock fail at class EasySwoole\Task\Worker at file:/home/vagrant/code/easyswoole/vendor/easyswoole/component/src/Process/Socket/AbstractUnixProcess.php line:32]
[2019-12-27 16:04:49][DEBUG][ERROR] : [listen /tmp/TaskWorker.fcce5581d6be0f3a066f7bc0ea2582273.sock fail at class EasySwoole\Task\Worker at file:/home/vagrant/code/easyswoole/vendor/easyswoole/component/src/Process/Socket/AbstractUnixProcess.php line:32]
[2019-12-27 18:05:11][DEBUG][ERROR] : [Uncaught Error: Class '\App\WebSocket\Index' not found in /home/vagrant/code/easyswoole/vendor/easyswoole/socket/src/Dispatcher.php:172
Stack trace:
#0 /home/vagrant/code/easyswoole/vendor/easyswoole/socket/src/Dispatcher.php(75): EasySwoole\Socket\Dispatcher->getController('\\App\\WebSocket\\...')
#1 /home/vagrant/code/easyswoole/EasySwooleEvent.php(72): EasySwoole\Socket\Dispatcher->dispatch(Object(Swoole\WebSocket\Server), '{"class":"Index...', Object(Swoole\WebSocket\Frame))
#2 [internal function]: EasySwoole\EasySwoole\EasySwooleEvent::EasySwoole\EasySwoole\{closure}(Object(Swoole\WebSocket\Server), Object(Swoole\WebSocket\Frame))
#3 /home/vagrant/code/easyswoole/vendor/easyswoole/easyswoole/src/ServerManager.php(134): call_user_func(Object(Closure), Object(Swoole\WebSocket\Server), Object(Swoole\WebSocket\Frame))
#4 {main}
  thrown at file:/home/vagrant/code/easyswoole/vendor/easyswoole/socket/src/Dispatcher.php line:172]
[2019-12-28 10:12:36][DEBUG][NOTICE] : [Array to string conversion at file:/home/vagrant/code/easyswoole/App/WebSocket/Controller/Index.php line:12]
[2019-12-28 13:58:07][DEBUG][ERROR] : [Uncaught Error: Cannot access protected property EasySwoole\Socket\Client\WebSocket::$fd in /home/vagrant/code/easyswoole/App/Websocket/WebSocketParser.php:50
Stack trace:
#0 /home/vagrant/code/easyswoole/vendor/easyswoole/socket/src/Dispatcher.php(115): App\Websocket\WebSocketParser->encode(Object(EasySwoole\Socket\Bean\Response), Object(EasySwoole\Socket\Client\WebSocket))
#1 /home/vagrant/code/easyswoole/vendor/easyswoole/socket/src/Dispatcher.php(96): EasySwoole\Socket\Dispatcher->response(Object(Swoole\WebSocket\Server), Object(EasySwoole\Socket\Client\WebSocket), Object(EasySwoole\Socket\Bean\Response))
#2 /home/vagrant/code/easyswoole/EasySwooleEvent.php(73): EasySwoole\Socket\Dispatcher->dispatch(Object(Swoole\WebSocket\Server), '{"class":"Index...', Object(Swoole\WebSocket\Frame))
#3 [internal function]: EasySwoole\EasySwoole\EasySwooleEvent::EasySwoole\EasySwoole\{closure}(Object(Swoole\WebSocket\Server), Object(Swoole\WebSocket\Frame))
#4 /home/vagrant/code/easyswoole/vendor/easyswoole/easyswoole/s at file:/home/vagrant/code/easyswoole/App/Websocket/WebSocketParser.php line:50]
[2019-12-28 13:58:34][DEBUG][ERROR] : [Uncaught Error: Cannot use object of type EasySwoole\Socket\Client\WebSocket as array in /home/vagrant/code/easyswoole/App/Websocket/WebSocketParser.php:50
Stack trace:
#0 /home/vagrant/code/easyswoole/vendor/easyswoole/socket/src/Dispatcher.php(115): App\Websocket\WebSocketParser->encode(Object(EasySwoole\Socket\Bean\Response), Object(EasySwoole\Socket\Client\WebSocket))
#1 /home/vagrant/code/easyswoole/vendor/easyswoole/socket/src/Dispatcher.php(96): EasySwoole\Socket\Dispatcher->response(Object(Swoole\WebSocket\Server), Object(EasySwoole\Socket\Client\WebSocket), Object(EasySwoole\Socket\Bean\Response))
#2 /home/vagrant/code/easyswoole/EasySwooleEvent.php(73): EasySwoole\Socket\Dispatcher->dispatch(Object(Swoole\WebSocket\Server), '{"class":"Index...', Object(Swoole\WebSocket\Frame))
#3 [internal function]: EasySwoole\EasySwoole\EasySwooleEvent::EasySwoole\EasySwoole\{closure}(Object(Swoole\WebSocket\Server), Object(Swoole\WebSocket\Frame))
#4 /home/vagrant/code/easyswoole/vendor/easyswoole/easyswoole/src/ at file:/home/vagrant/code/easyswoole/App/Websocket/WebSocketParser.php line:50]
[2019-12-28 13:59:55][DEBUG][NOTICE] : [Undefined property: EasySwoole\Socket\Client\WebSocket::$getFd at file:/home/vagrant/code/easyswoole/App/Websocket/WebSocketParser.php line:50]
[2019-12-28 14:03:50][DEBUG][ERROR] : [Uncaught TypeError: Argument 1 passed to EasySwoole\Spl\SplBean::toArray() must be of the type array or null, object given, called in /home/vagrant/code/easyswoole/App/Websocket/WebSocketParser.php on line 50 and defined in /home/vagrant/code/easyswoole/vendor/easyswoole/spl/src/SplBean.php:54
Stack trace:
#0 /home/vagrant/code/easyswoole/App/Websocket/WebSocketParser.php(50): EasySwoole\Spl\SplBean->toArray(Object(EasySwoole\Socket\Client\WebSocket))
#1 /home/vagrant/code/easyswoole/vendor/easyswoole/socket/src/Dispatcher.php(115): App\Websocket\WebSocketParser->encode(Object(EasySwoole\Socket\Bean\Response), Object(EasySwoole\Socket\Client\WebSocket))
#2 /home/vagrant/code/easyswoole/vendor/easyswoole/socket/src/Dispatcher.php(96): EasySwoole\Socket\Dispatcher->response(Object(Swoole\WebSocket\Server), Object(EasySwoole\Socket\Client\WebSocket), Object(EasySwoole\Socket\Bean\Response))
#3 /home/vagrant/code/easyswoole/EasySwooleEvent.php(73): EasySwoole\Socket\Dispatcher->dispatch(Object(Swoole\WebSocket\Se at file:/home/vagrant/code/easyswoole/vendor/easyswoole/spl/src/SplBean.php line:54]
[2019-12-28 14:07:59][DEBUG][NOTICE] : [Trying to get property 'fd' of non-object at file:/home/vagrant/code/easyswoole/App/Websocket/WebSocketEvents.php line:16]
[2019-12-28 14:07:59][DEBUG][NOTICE] : [Trying to get property 'fd' of non-object at file:/home/vagrant/code/easyswoole/App/Websocket/WebSocketEvents.php line:16]
[2019-12-28 14:07:59][DEBUG][WARNING] : [Swoole\WebSocket\Server::push(): fd[0] is invalid at file:/home/vagrant/code/easyswoole/App/Websocket/WebSocketEvents.php line:16]
[2019-12-28 15:19:30][DEBUG][INFO] : [consumer_1====25]
[2019-12-28 15:26:09][DEBUG][NOTICE] : [Trying to get property 'fd' of non-object at file:/home/vagrant/code/easyswoole/App/Websocket/WebSocketEvents.php line:16]
[2019-12-28 15:26:09][DEBUG][NOTICE] : [Trying to get property 'fd' of non-object at file:/home/vagrant/code/easyswoole/App/Websocket/WebSocketEvents.php line:16]
[2019-12-28 15:26:09][DEBUG][WARNING] : [Swoole\WebSocket\Server::push(): fd[0] is invalid at file:/home/vagrant/code/easyswoole/App/Websocket/WebSocketEvents.php line:16]
