[2019-12-19 09:47:01 *2131.2]	ERROR	php_swoole_server_rshutdown (ERRNO 503): Fatal error: A void function must not return a value in /home/vagrant/code/easyswoole/App/HttpController/BaseController.php on line 36
[2019-12-19 09:47:01 $2126.0]	WARNING	swManager_check_exit_status: worker#2[pid=2131] abnormal exit, status=255, signal=0
[2019-12-19 09:47:41 *2149.2]	ERROR	php_swoole_server_rshutdown (ERRNO 503): Fatal error: A void function must not return a value in /home/vagrant/code/easyswoole/App/HttpController/BaseController.php on line 36
[2019-12-19 09:47:41 $2144.0]	WARNING	swManager_check_exit_status: worker#2[pid=2149] abnormal exit, status=255, signal=0
[2019-12-19 09:48:50 *2167.2]	ERROR	php_swoole_server_rshutdown (ERRNO 503): Fatal error: A void function must not return a value in /home/vagrant/code/easyswoole/App/HttpController/BaseController.php on line 36
[2019-12-19 09:48:50 $2162.0]	WARNING	swManager_check_exit_status: worker#2[pid=2167] abnormal exit, status=255, signal=0
[2019-12-20 07:18:46 *6151.2]	ERROR	php_swoole_server_rshutdown (ERRNO 503): Fatal error: Uncaught EasySwoole\ORM\Exception\Exception: SQLSTATE[HY000] [2002] Connection refused in /home/vagrant/code/easyswoole/vendor/easyswoole/orm/src/Db/MysqlPool.php:21
Stack trace:
#0 /home/vagrant/code/easyswoole/vendor/easyswoole/pool/src/AbstractPool.php(272): EasySwoole\ORM\Db\MysqlPool->createObject()
#1 /home/vagrant/code/easyswoole/vendor/easyswoole/pool/src/AbstractPool.php(230): EasySwoole\Pool\AbstractPool->initObject()
#2 /home/vagrant/code/easyswoole/vendor/easyswoole/pool/src/AbstractPool.php(216): EasySwoole\Pool\AbstractPool->keepMin(5)
#3 {main}
  thrown in /home/vagrant/code/easyswoole/vendor/easyswoole/orm/src/Db/MysqlPool.php on line 21
[2019-12-20 07:18:46 $6146.0]	WARNING	swManager_check_exit_status: worker#2[pid=6151] abnormal exit, status=255, signal=0
[2019-12-24 10:07:36 @28190.0]	WARNING	swoole_file_put_contents(:728): open(/tmp/pid.pid) failed, Error: Permission denied[13]
[45m[2019-12-24 18:07:36][DEBUG][WARNING] : [unlink(/tmp/TaskWorker.fcce5581d6be0f3a066f7bc0ea2582270.sock): Operation not permitted at file:/home/vagrant/code/easyswoole/vendor/easyswoole/component/src/Process/Socket/AbstractUnixProcess.php line:27][0m
[45m[2019-12-24 18:07:36][DEBUG][WARNING] : [unlink(/tmp/TaskWorker.fcce5581d6be0f3a066f7bc0ea2582272.sock): Operation not permitted at file:/home/vagrant/code/easyswoole/vendor/easyswoole/component/src/Process/Socket/AbstractUnixProcess.php line:27][0m
[45m[2019-12-24 18:07:36][DEBUG][WARNING] : [unlink(/tmp/TaskWorker.fcce5581d6be0f3a066f7bc0ea2582271.sock): Operation not permitted at file:/home/vagrant/code/easyswoole/vendor/easyswoole/component/src/Process/Socket/AbstractUnixProcess.php line:27][0m
[45m[2019-12-24 18:07:36][DEBUG][WARNING] : [unlink(/tmp/TaskWorker.fcce5581d6be0f3a066f7bc0ea2582273.sock): Operation not permitted at file:/home/vagrant/code/easyswoole/vendor/easyswoole/component/src/Process/Socket/AbstractUnixProcess.php line:27][0m
[41m[2019-12-24 18:07:36][DEBUG][ERROR] : [listen /tmp/TaskWorker.fcce5581d6be0f3a066f7bc0ea2582270.sock fail at class EasySwoole\Task\Worker at file:/home/vagrant/code/easyswoole/vendor/easyswoole/component/src/Process/Socket/AbstractUnixProcess.php line:32][0m
[41m[2019-12-24 18:07:36][DEBUG][ERROR] : [listen /tmp/TaskWorker.fcce5581d6be0f3a066f7bc0ea2582272.sock fail at class EasySwoole\Task\Worker at file:/home/vagrant/code/easyswoole/vendor/easyswoole/component/src/Process/Socket/AbstractUnixProcess.php line:32][0m
[41m[2019-12-24 18:07:36][DEBUG][ERROR] : [listen /tmp/TaskWorker.fcce5581d6be0f3a066f7bc0ea2582271.sock fail at class EasySwoole\Task\Worker at file:/home/vagrant/code/easyswoole/vendor/easyswoole/component/src/Process/Socket/AbstractUnixProcess.php line:32][0m
[41m[2019-12-24 18:07:36][DEBUG][ERROR] : [listen /tmp/TaskWorker.fcce5581d6be0f3a066f7bc0ea2582273.sock fail at class EasySwoole\Task\Worker at file:/home/vagrant/code/easyswoole/vendor/easyswoole/component/src/Process/Socket/AbstractUnixProcess.php line:32][0m
string(25) "consumer_0 task run check"
string(25) "consumer_2 task run check"
string(25) "consumer_1 task run check"
string(25) "consumer_0 task run check"
string(25) "consumer_2 task run check"
string(25) "consumer_1 task run check"
string(25) "consumer_0 task run check"
string(25) "consumer_2 task run check"
string(25) "consumer_1 task run check"
string(25) "consumer_0 task run check"
string(25) "consumer_2 task run check"
string(25) "consumer_1 task run check"
string(25) "consumer_1 task run check"
string(25) "consumer_2 task run check"
string(25) "consumer_0 task run check"
string(25) "consumer_0 task run check"
string(25) "consumer_2 task run check"
string(25) "consumer_1 task run check"
string(25) "consumer_0 task run check"
string(25) "consumer_2 task run check"
string(25) "consumer_1 task run check"
string(25) "consumer_0 task run check"
string(25) "consumer_2 task run check"
string(25) "consumer_1 task run check"
string(25) "consumer_0 task run check"
string(25) "consumer_2 task run check"
string(25) "consumer_1 task run check"
string(25) "consumer_0 task run check"
string(25) "consumer_2 task run check"
string(25) "consumer_1 task run check"
string(25) "consumer_0 task run check"
string(25) "consumer_2 task run check"
string(25) "consumer_1 task run check"
string(25) "consumer_1 task run check"
string(25) "consumer_2 task run check"
string(25) "consumer_0 task run check"
string(25) "consumer_0 task run check"
string(25) "consumer_2 task run check"
string(25) "consumer_1 task run check"
string(25) "consumer_0 task run check"
string(25) "consumer_1 task run check"
string(25) "consumer_2 task run check"
string(25) "consumer_0 task run check"
string(25) "consumer_2 task run check"
string(25) "consumer_1 task run check"
string(25) "consumer_1 task run check"
string(25) "consumer_0 task run check"
string(25) "consumer_2 task run check"
string(25) "consumer_0 task run check"
string(25) "consumer_2 task run check"
string(25) "consumer_1 task run check"
string(25) "consumer_0 task run check"
string(25) "consumer_2 task run check"
string(25) "consumer_1 task run check"
string(25) "consumer_2 task run check"
string(25) "consumer_1 task run check"
string(25) "consumer_0 task run check"
string(25) "consumer_1 task run check"
string(25) "consumer_0 task run check"
string(25) "consumer_2 task run check"
string(25) "consumer_0 task run check"
string(25) "consumer_2 task run check"
string(25) "consumer_1 task run check"
string(25) "consumer_0 task run check"
string(25) "consumer_2 task run check"
string(25) "consumer_1 task run check"
string(25) "consumer_0 task run check"
string(25) "consumer_2 task run check"
string(25) "consumer_1 task run check"
string(25) "consumer_0 task run check"
string(25) "consumer_2 task run check"
string(25) "consumer_0 task run check"
string(25) "consumer_1 task run check"
string(25) "consumer_2 task run check"
string(25) "consumer_1 task run check"
string(25) "consumer_2 task run check"
string(25) "consumer_0 task run check"
string(25) "consumer_1 task run check"
string(25) "consumer_1 task run check"
string(25) "consumer_0 task run check"
string(25) "consumer_2 task run check"
string(25) "consumer_0 task run check"
string(25) "consumer_2 task run check"
string(25) "consumer_1 task run check"
string(25) "consumer_0 task run check"
string(25) "consumer_2 task run check"
string(25) "consumer_1 task run check"
string(25) "consumer_0 task run check"
string(25) "consumer_1 task run check"
string(25) "consumer_2 task run check"
string(25) "consumer_0 task run check"
string(25) "consumer_0 task run check"
string(25) "consumer_2 task run check"
string(25) "consumer_1 task run check"
string(25) "consumer_2 task run check"
string(25) "consumer_2 task run check"
string(25) "consumer_1 task run check"
string(25) "consumer_0 task run check"
string(25) "consumer_1 task run check"
string(25) "consumer_1 task run check"
string(25) "consumer_0 task run check"
string(25) "consumer_2 task run check"
string(25) "consumer_0 task run check"
string(25) "consumer_2 task run check"
string(25) "consumer_1 task run check"
string(25) "consumer_0 task run check"
string(25) "consumer_2 task run check"
string(25) "consumer_1 task run check"
string(25) "consumer_0 task run check"
string(25) "consumer_2 task run check"
string(25) "consumer_1 task run check"
string(25) "consumer_0 task run check"
string(25) "consumer_2 task run check"
string(25) "consumer_0 task run check"
string(25) "consumer_1 task run check"
string(25) "consumer_2 task run check"
string(25) "consumer_1 task run check"
string(25) "consumer_2 task run check"
string(25) "consumer_0 task run check"
string(25) "consumer_1 task run check"
string(25) "consumer_1 task run check"
string(25) "consumer_2 task run check"
string(25) "consumer_0 task run check"
string(25) "consumer_0 task run check"
string(25) "consumer_2 task run check"
string(25) "consumer_1 task run check"
string(25) "consumer_0 task run check"
string(25) "consumer_2 task run check"
string(25) "consumer_1 task run check"
string(25) "consumer_0 task run check"
string(25) "consumer_2 task run check"
string(25) "consumer_1 task run check"
string(25) "consumer_0 task run check"
string(25) "consumer_0 task run check"
string(25) "consumer_2 task run check"
string(25) "consumer_1 task run check"
string(25) "consumer_2 task run check"
string(25) "consumer_2 task run check"
string(25) "consumer_1 task run check"
string(25) "consumer_0 task run check"
string(25) "consumer_1 task run check"
string(25) "consumer_1 task run check"
string(25) "consumer_0 task run check"
string(25) "consumer_2 task run check"
string(25) "consumer_0 task run check"
string(25) "consumer_2 task run check"
string(25) "consumer_1 task run check"
string(25) "consumer_0 task run check"
string(25) "consumer_2 task run check"
string(25) "consumer_1 task run check"
string(25) "consumer_0 task run check"
string(25) "consumer_2 task run check"
string(25) "consumer_1 task run check"
string(25) "consumer_0 task run check"
string(25) "consumer_0 task run check"
string(25) "consumer_2 task run check"
string(25) "consumer_1 task run check"
string(25) "consumer_2 task run check"
string(25) "consumer_2 task run check"
string(25) "consumer_1 task run check"
string(25) "consumer_0 task run check"
string(25) "consumer_1 task run check"
string(25) "consumer_1 task run check"
string(25) "consumer_0 task run check"
string(25) "consumer_2 task run check"
string(25) "consumer_0 task run check"
string(25) "consumer_2 task run check"
string(25) "consumer_1 task run check"
string(25) "consumer_0 task run check"
string(25) "consumer_2 task run check"
string(25) "consumer_1 task run check"
string(25) "consumer_0 task run check"
string(25) "consumer_2 task run check"
string(25) "consumer_1 task run check"
string(25) "consumer_0 task run check"
string(25) "consumer_0 task run check"
string(25) "consumer_2 task run check"
string(25) "consumer_1 task run check"
string(25) "consumer_2 task run check"
string(25) "consumer_2 task run check"
string(25) "consumer_1 task run check"
string(25) "consumer_0 task run check"
string(25) "consumer_1 task run check"
string(25) "consumer_1 task run check"
string(25) "consumer_0 task run check"
string(25) "consumer_2 task run check"
string(25) "consumer_0 task run check"
string(25) "consumer_2 task run check"
string(25) "consumer_1 task run check"
string(25) "consumer_0 task run check"
string(25) "consumer_2 task run check"
string(25) "consumer_1 task run check"
string(25) "consumer_0 task run check"
string(25) "consumer_2 task run check"
string(25) "consumer_1 task run check"
string(25) "consumer_0 task run check"
string(25) "consumer_2 task run check"
string(25) "consumer_0 task run check"
string(25) "consumer_1 task run check"
string(25) "consumer_2 task run check"
string(25) "consumer_2 task run check"
string(25) "consumer_1 task run check"
string(25) "consumer_0 task run check"
string(25) "consumer_1 task run check"
string(25) "consumer_1 task run check"
string(25) "consumer_0 task run check"
string(25) "consumer_2 task run check"
string(25) "consumer_0 task run check"
string(25) "consumer_2 task run check"
string(25) "consumer_1 task run check"
string(25) "consumer_0 task run check"
string(25) "consumer_2 task run check"
string(25) "consumer_1 task run check"
string(25) "consumer_0 task run check"
string(25) "consumer_2 task run check"
string(25) "consumer_1 task run check"
string(25) "consumer_0 task run check"
string(25) "consumer_0 task run check"
string(25) "consumer_2 task run check"
string(25) "consumer_1 task run check"
string(25) "consumer_2 task run check"
string(25) "consumer_2 task run check"
string(25) "consumer_1 task run check"
string(25) "consumer_0 task run check"
string(25) "consumer_1 task run check"
string(25) "consumer_1 task run check"
string(25) "consumer_0 task run check"
string(25) "consumer_2 task run check"
string(25) "consumer_0 task run check"
string(25) "consumer_2 task run check"
string(25) "consumer_1 task run check"
string(25) "consumer_0 task run check"
string(25) "consumer_2 task run check"
string(25) "consumer_1 task run check"
string(25) "consumer_2 task run check"
string(25) "consumer_0 task run check"
string(25) "consumer_1 task run check"
string(25) "consumer_0 task run check"
string(25) "consumer_0 task run check"
string(25) "consumer_2 task run check"
string(25) "consumer_1 task run check"
string(25) "consumer_2 task run check"
string(25) "consumer_1 task run check"
string(25) "consumer_2 task run check"
string(25) "consumer_0 task run check"
string(25) "consumer_1 task run check"
string(25) "consumer_1 task run check"
string(25) "consumer_0 task run check"
string(25) "consumer_2 task run check"
string(25) "consumer_0 task run check"
string(25) "consumer_2 task run check"
string(25) "consumer_1 task run check"
string(25) "consumer_0 task run check"
string(25) "consumer_2 task run check"
string(25) "consumer_1 task run check"
string(25) "consumer_0 task run check"
string(25) "consumer_2 task run check"
string(25) "consumer_1 task run check"
string(25) "consumer_0 task run check"
string(25) "consumer_0 task run check"
string(25) "consumer_2 task run check"
string(25) "consumer_1 task run check"
string(25) "consumer_2 task run check"
string(25) "consumer_2 task run check"
string(25) "consumer_1 task run check"
string(25) "consumer_0 task run check"
string(25) "consumer_1 task run check"
string(25) "consumer_1 task run check"
string(25) "consumer_0 task run check"
string(25) "consumer_2 task run check"
string(25) "consumer_0 task run check"
string(25) "consumer_2 task run check"
string(25) "consumer_1 task run check"
string(25) "consumer_0 task run check"
string(25) "consumer_2 task run check"
string(25) "consumer_1 task run check"
string(25) "consumer_0 task run check"
string(25) "consumer_2 task run check"
string(25) "consumer_1 task run check"
string(25) "consumer_0 task run check"
string(25) "consumer_2 task run check"
string(25) "consumer_0 task run check"
string(25) "consumer_1 task run check"
string(25) "consumer_2 task run check"
string(25) "consumer_2 task run check"
string(25) "consumer_1 task run check"
string(25) "consumer_0 task run check"
string(25) "consumer_1 task run check"
string(25) "consumer_1 task run check"
string(25) "consumer_2 task run check"
string(25) "consumer_0 task run check"
string(25) "consumer_0 task run check"
string(25) "consumer_2 task run check"
string(25) "consumer_1 task run check"
string(25) "consumer_0 task run check"
string(25) "consumer_2 task run check"
string(25) "consumer_1 task run check"
string(25) "consumer_0 task run check"
string(25) "consumer_2 task run check"
string(25) "consumer_1 task run check"
string(25) "consumer_0 task run check"
string(25) "consumer_0 task run check"
string(25) "consumer_2 task run check"
string(25) "consumer_1 task run check"
string(25) "consumer_2 task run check"
string(25) "consumer_2 task run check"
string(25) "consumer_1 task run check"
string(25) "consumer_0 task run check"
string(25) "consumer_1 task run check"
string(25) "consumer_1 task run check"
string(25) "consumer_0 task run check"
string(25) "consumer_2 task run check"
string(25) "consumer_0 task run check"
string(25) "consumer_2 task run check"
string(25) "consumer_1 task run check"
string(25) "consumer_0 task run check"
string(25) "consumer_2 task run check"
string(25) "consumer_1 task run check"
string(25) "consumer_0 task run check"
string(25) "consumer_2 task run check"
string(25) "consumer_1 task run check"
string(25) "consumer_0 task run check"
string(25) "consumer_0 task run check"
string(25) "consumer_2 task run check"
string(25) "consumer_1 task run check"
string(25) "consumer_2 task run check"
string(25) "consumer_2 task run check"
string(25) "consumer_1 task run check"
string(25) "consumer_0 task run check"
string(25) "consumer_1 task run check"
string(25) "consumer_1 task run check"
string(25) "consumer_0 task run check"
string(25) "consumer_2 task run check"
string(25) "consumer_0 task run check"
string(25) "consumer_2 task run check"
string(25) "consumer_1 task run check"
string(25) "consumer_0 task run check"
string(25) "consumer_2 task run check"
string(25) "consumer_1 task run check"
string(25) "consumer_0 task run check"
string(25) "consumer_2 task run check"
string(25) "consumer_1 task run check"
string(25) "consumer_0 task run check"
string(25) "consumer_0 task run check"
string(25) "consumer_2 task run check"
string(25) "consumer_1 task run check"
string(25) "consumer_2 task run check"
string(25) "consumer_2 task run check"
string(25) "consumer_1 task run check"
string(25) "consumer_0 task run check"
string(25) "consumer_1 task run check"
string(25) "consumer_1 task run check"
string(25) "consumer_0 task run check"
string(25) "consumer_2 task run check"
string(25) "consumer_0 task run check"
string(25) "consumer_2 task run check"
string(25) "consumer_1 task run check"
string(25) "consumer_0 task run check"
string(25) "consumer_2 task run check"
string(25) "consumer_1 task run check"
string(25) "consumer_0 task run check"
string(25) "consumer_2 task run check"
string(25) "consumer_1 task run check"
string(25) "consumer_0 task run check"
string(25) "consumer_0 task run check"
string(25) "consumer_2 task run check"
string(25) "consumer_1 task run check"
string(25) "consumer_2 task run check"
string(25) "consumer_2 task run check"
string(25) "consumer_1 task run check"
string(25) "consumer_0 task run check"
string(25) "consumer_1 task run check"
string(25) "consumer_1 task run check"
string(25) "consumer_0 task run check"
string(25) "consumer_2 task run check"
string(25) "consumer_0 task run check"
string(25) "consumer_2 task run check"
string(25) "consumer_1 task run check"
string(25) "consumer_0 task run check"
string(25) "consumer_2 task run check"
string(25) "consumer_1 task run check"
string(25) "consumer_0 task run check"
string(25) "consumer_2 task run check"
string(25) "consumer_1 task run check"
string(25) "consumer_0 task run check"
string(25) "consumer_2 task run check"
string(25) "consumer_0 task run check"
string(25) "consumer_1 task run check"
string(25) "consumer_2 task run check"
string(25) "consumer_2 task run check"
string(25) "consumer_1 task run check"
string(25) "consumer_0 task run check"
string(25) "consumer_1 task run check"
string(25) "consumer_1 task run check"
string(25) "consumer_0 task run check"
string(25) "consumer_2 task run check"
string(25) "consumer_0 task run check"
string(25) "consumer_2 task run check"
string(25) "consumer_1 task run check"
string(25) "consumer_0 task run check"
string(25) "consumer_2 task run check"
string(25) "consumer_1 task run check"
string(25) "consumer_0 task run check"
string(25) "consumer_2 task run check"
string(25) "consumer_1 task run check"
string(25) "consumer_0 task run check"
string(25) "consumer_2 task run check"
string(25) "consumer_0 task run check"
string(25) "consumer_1 task run check"
string(25) "consumer_2 task run check"
string(25) "consumer_2 task run check"
string(25) "consumer_1 task run check"
string(25) "consumer_0 task run check"
string(25) "consumer_1 task run check"
string(25) "consumer_1 task run check"
string(25) "consumer_0 task run check"
string(25) "consumer_2 task run check"
string(25) "consumer_0 task run check"
string(25) "consumer_2 task run check"
string(25) "consumer_1 task run check"
string(25) "consumer_2 task run check"
string(25) "consumer_1 task run check"
string(25) "consumer_0 task run check"
string(25) "consumer_0 task run check"
string(25) "consumer_2 task run check"
string(25) "consumer_1 task run check"
string(25) "consumer_0 task run check"
string(25) "consumer_0 task run check"
string(25) "consumer_2 task run check"
string(25) "consumer_1 task run check"
string(25) "consumer_2 task run check"
string(25) "consumer_2 task run check"
string(25) "consumer_1 task run check"
string(25) "consumer_0 task run check"
string(25) "consumer_1 task run check"
string(25) "consumer_1 task run check"
string(25) "consumer_0 task run check"
string(25) "consumer_2 task run check"
string(25) "consumer_0 task run check"
string(25) "consumer_2 task run check"
string(25) "consumer_1 task run check"
string(25) "consumer_0 task run check"
string(25) "consumer_2 task run check"
string(25) "consumer_1 task run check"
string(25) "consumer_0 task run check"
string(25) "consumer_2 task run check"
string(25) "consumer_1 task run check"
string(25) "consumer_0 task run check"
string(25) "consumer_2 task run check"
string(25) "consumer_0 task run check"
string(25) "consumer_1 task run check"
string(25) "consumer_2 task run check"
string(25) "consumer_2 task run check"
string(25) "consumer_1 task run check"
string(25) "consumer_0 task run check"
string(25) "consumer_1 task run check"
string(25) "consumer_1 task run check"
string(25) "consumer_0 task run check"
string(25) "consumer_2 task run check"
string(25) "consumer_0 task run check"
string(25) "consumer_2 task run check"
string(25) "consumer_1 task run check"
string(25) "consumer_0 task run check"
string(25) "consumer_2 task run check"
string(25) "consumer_1 task run check"
string(25) "consumer_0 task run check"
string(25) "consumer_2 task run check"
string(25) "consumer_1 task run check"
string(25) "consumer_0 task run check"
string(25) "consumer_0 task run check"
string(25) "consumer_2 task run check"
string(25) "consumer_1 task run check"
string(25) "consumer_2 task run check"
string(25) "consumer_1 task run check"
string(25) "consumer_2 task run check"
string(25) "consumer_0 task run check"
string(25) "consumer_1 task run check"
string(25) "consumer_1 task run check"
string(25) "consumer_0 task run check"
string(25) "consumer_2 task run check"
string(25) "consumer_0 task run check"
string(25) "consumer_2 task run check"
string(25) "consumer_1 task run check"
string(25) "consumer_0 task run check"
string(25) "consumer_2 task run check"
string(25) "consumer_1 task run check"
string(25) "consumer_0 task run check"
string(25) "consumer_2 task run check"
string(25) "consumer_1 task run check"
string(25) "consumer_0 task run check"
string(25) "consumer_2 task run check"
string(25) "consumer_0 task run check"
string(25) "consumer_1 task run check"
string(25) "consumer_2 task run check"
string(25) "consumer_1 task run check"
string(25) "consumer_2 task run check"
string(25) "consumer_0 task run check"
string(25) "consumer_1 task run check"
string(25) "consumer_1 task run check"
string(25) "consumer_0 task run check"
string(25) "consumer_2 task run check"
string(25) "consumer_0 task run check"
string(25) "consumer_2 task run check"
string(25) "consumer_1 task run check"
string(25) "consumer_0 task run check"
string(25) "consumer_2 task run check"
string(25) "consumer_1 task run check"
string(25) "consumer_0 task run check"
string(25) "consumer_2 task run check"
string(25) "consumer_1 task run check"
string(25) "consumer_0 task run check"
string(25) "consumer_0 task run check"
string(25) "consumer_2 task run check"
string(25) "consumer_1 task run check"
string(25) "consumer_2 task run check"
string(25) "consumer_2 task run check"
string(25) "consumer_1 task run check"
string(25) "consumer_0 task run check"
string(25) "consumer_1 task run check"
string(25) "consumer_1 task run check"
string(25) "consumer_0 task run check"
string(25) "consumer_2 task run check"
string(25) "consumer_0 task run check"
string(25) "consumer_2 task run check"
string(25) "consumer_1 task run check"
string(25) "consumer_0 task run check"
string(25) "consumer_2 task run check"
string(25) "consumer_1 task run check"
string(25) "consumer_0 task run check"
string(25) "consumer_2 task run check"
string(25) "consumer_1 task run check"
string(25) "consumer_0 task run check"
string(25) "consumer_0 task run check"
string(25) "consumer_2 task run check"
string(25) "consumer_1 task run check"
string(25) "consumer_1 task run check"
string(25) "consumer_2 task run check"
string(25) "consumer_2 task run check"
string(25) "consumer_0 task run check"
string(25) "consumer_1 task run check"
string(25) "consumer_1 task run check"
string(25) "consumer_0 task run check"
string(25) "consumer_2 task run check"
string(25) "consumer_0 task run check"
string(25) "consumer_2 task run check"
string(25) "consumer_1 task run check"
string(25) "consumer_0 task run check"
string(25) "consumer_2 task run check"
string(25) "consumer_1 task run check"
string(25) "consumer_0 task run check"
string(25) "consumer_2 task run check"
string(25) "consumer_1 task run check"
string(25) "consumer_0 task run check"
string(25) "consumer_0 task run check"
string(25) "consumer_2 task run check"
string(25) "consumer_1 task run check"
string(25) "consumer_2 task run check"
string(25) "consumer_2 task run check"
string(25) "consumer_1 task run check"
string(25) "consumer_0 task run check"
string(25) "consumer_1 task run check"
string(25) "consumer_1 task run check"
string(25) "consumer_0 task run check"
string(25) "consumer_2 task run check"
string(25) "consumer_0 task run check"
string(25) "consumer_2 task run check"
string(25) "consumer_1 task run check"
string(25) "consumer_0 task run check"
string(25) "consumer_2 task run check"
string(25) "consumer_1 task run check"
string(25) "consumer_0 task run check"
string(25) "consumer_2 task run check"
string(25) "consumer_1 task run check"
string(25) "consumer_0 task run check"
string(25) "consumer_0 task run check"
string(25) "consumer_2 task run check"
string(25) "consumer_1 task run check"
string(25) "consumer_2 task run check"
string(25) "consumer_2 task run check"
string(25) "consumer_1 task run check"
string(25) "consumer_0 task run check"
string(25) "consumer_1 task run check"
string(25) "consumer_1 task run check"
string(25) "consumer_0 task run check"
string(25) "consumer_2 task run check"
string(25) "consumer_0 task run check"
string(25) "consumer_2 task run check"
string(25) "consumer_1 task run check"
string(25) "consumer_0 task run check"
string(25) "consumer_2 task run check"
string(25) "consumer_1 task run check"
string(25) "consumer_0 task run check"
string(25) "consumer_2 task run check"
string(25) "consumer_1 task run check"
string(25) "consumer_0 task run check"
string(25) "consumer_0 task run check"
string(25) "consumer_2 task run check"
string(25) "consumer_1 task run check"
string(25) "consumer_2 task run check"
string(25) "consumer_1 task run check"
string(25) "consumer_2 task run check"
string(25) "consumer_0 task run check"
string(25) "consumer_1 task run check"
string(25) "consumer_1 task run check"
string(25) "consumer_0 task run check"
string(25) "consumer_2 task run check"
string(25) "consumer_0 task run check"
string(25) "consumer_2 task run check"
string(25) "consumer_1 task run check"
string(25) "consumer_0 task run check"
string(25) "consumer_2 task run check"
string(25) "consumer_1 task run check"
string(25) "consumer_0 task run check"
string(25) "consumer_2 task run check"
string(25) "consumer_1 task run check"
string(25) "consumer_0 task run check"
string(25) "consumer_0 task run check"
string(25) "consumer_2 task run check"
string(25) "consumer_1 task run check"
string(25) "consumer_2 task run check"
string(25) "consumer_2 task run check"
string(25) "consumer_1 task run check"
string(25) "consumer_0 task run check"
string(25) "consumer_1 task run check"
string(25) "consumer_1 task run check"
string(25) "consumer_0 task run check"
string(25) "consumer_2 task run check"
string(25) "consumer_0 task run check"
string(25) "consumer_2 task run check"
string(25) "consumer_1 task run check"
string(25) "consumer_0 task run check"
string(25) "consumer_2 task run check"
string(25) "consumer_1 task run check"
string(25) "consumer_0 task run check"
string(25) "consumer_2 task run check"
string(25) "consumer_1 task run check"
string(25) "consumer_0 task run check"
string(25) "consumer_2 task run check"
string(25) "consumer_0 task run check"
string(25) "consumer_1 task run check"
string(25) "consumer_2 task run check"
string(25) "consumer_2 task run check"
string(25) "consumer_1 task run check"
string(25) "consumer_0 task run check"
string(25) "consumer_1 task run check"
string(25) "consumer_1 task run check"
string(25) "consumer_0 task run check"
string(25) "consumer_2 task run check"
string(25) "consumer_0 task run check"
string(25) "consumer_2 task run check"
string(25) "consumer_1 task run check"
string(25) "consumer_0 task run check"
string(25) "consumer_2 task run check"
string(25) "consumer_1 task run check"
string(25) "consumer_0 task run check"
string(25) "consumer_2 task run check"
string(25) "consumer_1 task run check"
string(25) "consumer_0 task run check"
string(25) "consumer_2 task run check"
string(25) "consumer_0 task run check"
string(25) "consumer_1 task run check"
string(25) "consumer_2 task run check"
string(25) "consumer_2 task run check"
string(25) "consumer_1 task run check"
string(25) "consumer_0 task run check"
string(25) "consumer_1 task run check"
string(25) "consumer_1 task run check"
string(25) "consumer_0 task run check"
string(25) "consumer_2 task run check"
string(25) "consumer_0 task run check"
string(25) "consumer_2 task run check"
string(25) "consumer_1 task run check"
string(25) "consumer_0 task run check"
string(25) "consumer_2 task run check"
string(25) "consumer_1 task run check"
string(25) "consumer_0 task run check"
string(25) "consumer_2 task run check"
string(25) "consumer_1 task run check"
string(25) "consumer_0 task run check"
string(25) "consumer_0 task run check"
string(25) "consumer_2 task run check"
string(25) "consumer_1 task run check"
string(25) "consumer_2 task run check"
string(25) "consumer_2 task run check"
string(25) "consumer_1 task run check"
string(25) "consumer_0 task run check"
string(25) "consumer_1 task run check"
string(25) "consumer_1 task run check"
string(25) "consumer_0 task run check"
string(25) "consumer_2 task run check"
string(25) "consumer_0 task run check"
string(25) "consumer_2 task run check"
string(25) "consumer_1 task run check"
string(25) "consumer_0 task run check"
string(25) "consumer_2 task run check"
string(25) "consumer_1 task run check"
string(25) "consumer_0 task run check"
string(25) "consumer_2 task run check"
string(25) "consumer_1 task run check"
string(25) "consumer_0 task run check"
string(25) "consumer_0 task run check"
string(25) "consumer_2 task run check"
string(25) "consumer_1 task run check"
string(25) "consumer_2 task run check"
string(25) "consumer_2 task run check"
string(25) "consumer_1 task run check"
string(25) "consumer_0 task run check"
string(25) "consumer_1 task run check"
string(25) "consumer_1 task run check"
string(25) "consumer_0 task run check"
string(25) "consumer_2 task run check"
string(25) "consumer_0 task run check"
string(25) "consumer_2 task run check"
string(25) "consumer_1 task run check"
string(25) "consumer_0 task run check"
string(25) "consumer_2 task run check"
string(25) "consumer_1 task run check"
string(25) "consumer_0 task run check"
string(25) "consumer_2 task run check"
string(25) "consumer_1 task run check"
string(25) "consumer_0 task run check"
string(25) "consumer_0 task run check"
string(25) "consumer_2 task run check"
string(25) "consumer_1 task run check"
string(25) "consumer_2 task run check"
string(25) "consumer_2 task run check"
string(25) "consumer_1 task run check"
string(25) "consumer_0 task run check"
string(25) "consumer_1 task run check"
string(25) "consumer_1 task run check"
string(25) "consumer_0 task run check"
string(25) "consumer_2 task run check"
string(25) "consumer_0 task run check"
string(25) "consumer_2 task run check"
string(25) "consumer_1 task run check"
string(25) "consumer_0 task run check"
string(25) "consumer_2 task run check"
string(25) "consumer_1 task run check"
string(25) "consumer_0 task run check"
string(25) "consumer_2 task run check"
string(25) "consumer_1 task run check"
string(25) "consumer_0 task run check"
string(25) "consumer_2 task run check"
string(25) "consumer_0 task run check"
string(25) "consumer_1 task run check"
string(25) "consumer_2 task run check"
string(25) "consumer_2 task run check"
string(25) "consumer_1 task run check"
string(25) "consumer_0 task run check"
string(25) "consumer_1 task run check"
string(25) "consumer_1 task run check"
string(25) "consumer_0 task run check"
string(25) "consumer_2 task run check"
string(25) "consumer_0 task run check"
string(25) "consumer_2 task run check"
string(25) "consumer_1 task run check"
string(25) "consumer_0 task run check"
string(25) "consumer_2 task run check"
string(25) "consumer_1 task run check"
string(25) "consumer_0 task run check"
string(25) "consumer_2 task run check"
string(25) "consumer_1 task run check"
string(25) "consumer_0 task run check"
string(25) "consumer_0 task run check"
string(25) "consumer_2 task run check"
string(25) "consumer_1 task run check"
string(25) "consumer_2 task run check"
string(25) "consumer_2 task run check"
string(25) "consumer_1 task run check"
[2019-12-24 10:09:45 #28191.2]	WARNING	swSignalfd_onSignal (ERRNO 707): Unable to find callback function for signal Hangup: 1
[2019-12-24 10:09:45 #28191.2]	INFO	Server is shutdown now
[2019-12-24 10:09:45 *28200.5]	WARNING	swSignalfd_onSignal (ERRNO 707): Unable to find callback function for signal Hangup: 1
[2019-12-24 10:09:45 *28197.2]	WARNING	swSignalfd_onSignal (ERRNO 707): Unable to find callback function for signal Hangup: 1
[2019-12-24 10:09:45 *28199.4]	WARNING	swSignalfd_onSignal (ERRNO 707): Unable to find callback function for signal Hangup: 1
[2019-12-24 10:09:45 *28202.7]	WARNING	swSignalfd_onSignal (ERRNO 707): Unable to find callback function for signal Hangup: 1
[2019-12-24 10:09:45 *28198.3]	WARNING	swSignalfd_onSignal (ERRNO 707): Unable to find callback function for signal Hangup: 1
[2019-12-24 10:09:45 *28201.6]	WARNING	swSignalfd_onSignal (ERRNO 707): Unable to find callback function for signal Hangup: 1
[2019-12-24 10:09:45 *28195.0]	WARNING	swSignalfd_onSignal (ERRNO 707): Unable to find callback function for signal Hangup: 1
[2019-12-24 10:09:45 *28196.1]	WARNING	swSignalfd_onSignal (ERRNO 707): Unable to find callback function for signal Hangup: 1
write(log_fd=19, size=124) failed. Error: Interrupted system call[4].
Message: [2019-12-24 10:09:45 $28192.0]	WARNING	swSignal_callback (ERRNO 707): Unable to find callback function for signal Hangup: 1

[2019-12-25 03:40:41 *3368.0]	ERROR	php_swoole_server_rshutdown (ERRNO 503): Fatal error: Declaration of App\ResponseMessage\ApiResponse::request() must be compatible with EasySwoole\Http\AbstractInterface\Controller::request(): EasySwoole\Http\Request in /home/vagrant/code/easyswoole/App/HttpController/Api/Index.php on line 14
[2019-12-25 03:40:41 $3365.0]	WARNING	swManager_check_exit_status: worker#0[pid=3368] abnormal exit, status=255, signal=0
[2019-12-25 07:53:05 *4456.0]	ERROR	php_swoole_server_rshutdown (ERRNO 503): Fatal error: Cannot override final method EasySwoole\Http\AbstractInterface\AbstractRouter::__construct() in /home/vagrant/code/easyswoole/App/HttpController/Router.php on line 13
[2019-12-25 07:53:05 $4453.0]	WARNING	swManager_check_exit_status: worker#0[pid=4456] abnormal exit, status=255, signal=0
[2019-12-25 07:55:27 *4497.0]	ERROR	php_swoole_server_rshutdown (ERRNO 503): Fatal error: Declaration of App\ResponseMessage\ApiResponse::response() must be compatible with EasySwoole\Http\AbstractInterface\Controller::response(): EasySwoole\Http\Response in /home/vagrant/code/easyswoole/App/HttpController/Api/Index.php on line 14
[2019-12-25 07:55:27 $4494.0]	WARNING	swManager_check_exit_status: worker#0[pid=4497] abnormal exit, status=255, signal=0
[2019-12-25 07:55:28 *4512.0]	ERROR	php_swoole_server_rshutdown (ERRNO 503): Fatal error: Declaration of App\ResponseMessage\ApiResponse::response() must be compatible with EasySwoole\Http\AbstractInterface\Controller::response(): EasySwoole\Http\Response in /home/vagrant/code/easyswoole/App/HttpController/Api/Index.php on line 14
[2019-12-25 07:55:28 $4494.0]	WARNING	swManager_check_exit_status: worker#0[pid=4512] abnormal exit, status=255, signal=0
[2019-12-25 07:56:49 *4519.0]	ERROR	php_swoole_server_rshutdown (ERRNO 503): Fatal error: Declaration of App\ResponseMessage\ApiResponse::response() must be compatible with EasySwoole\Http\AbstractInterface\Controller::response(): EasySwoole\Http\Response in /home/vagrant/code/easyswoole/App/HttpController/Api/Index.php on line 13
[2019-12-25 07:56:49 $4516.0]	WARNING	swManager_check_exit_status: worker#0[pid=4519] abnormal exit, status=255, signal=0
[2019-12-26 06:07:19 #9853.2]	INFO	Server is shutdown now
[2019-12-27 08:03:02 @15215.0]	WARNING	swoole_file_put_contents(:728): open(/tmp/pid.pid) failed, Error: Permission denied[13]
[2019-12-27 08:04:49 @15234.0]	WARNING	swoole_file_put_contents(:728): open(/tmp/pid.pid) failed, Error: Permission denied[13]
[2019-12-27 10:05:11 *16125.0]	ERROR	php_swoole_server_rshutdown (ERRNO 503): Fatal error: Uncaught Error: Class '\App\WebSocket\Index' not found in /home/vagrant/code/easyswoole/vendor/easyswoole/socket/src/Dispatcher.php:172
Stack trace:
#0 /home/vagrant/code/easyswoole/vendor/easyswoole/socket/src/Dispatcher.php(75): EasySwoole\Socket\Dispatcher->getController('\\App\\WebSocket\\...')
#1 /home/vagrant/code/easyswoole/EasySwooleEvent.php(72): EasySwoole\Socket\Dispatcher->dispatch(Object(Swoole\WebSocket\Server), '{"class":"Index...', Object(Swoole\WebSocket\Frame))
#2 [internal function]: EasySwoole\EasySwoole\EasySwooleEvent::EasySwoole\EasySwoole\{closure}(Object(Swoole\WebSocket\Server), Object(Swoole\WebSocket\Frame))
#3 /home/vagrant/code/easyswoole/vendor/easyswoole/easyswoole/src/ServerManager.php(134): call_user_func(Object(Closure), Object(Swoole\WebSocket\Server), Object(Swoole\WebSocket\Frame))
#4 {main}
  thrown in /home/vagrant/code/easyswoole/vendor/easyswoole/socket/src/Dispatcher.php on line 172
[2019-12-27 10:05:11 $16122.0]	WARNING	swManager_check_exit_status: worker#0[pid=16125] abnormal exit, status=255, signal=0
[2019-12-28 03:04:43 *19129.6]	WARNING	swSignalfd_onSignal (ERRNO 707): Unable to find callback function for signal Hangup: 1
[2019-12-28 03:04:43 #19119.2]	WARNING	swSignalfd_onSignal (ERRNO 707): Unable to find callback function for signal Hangup: 1
[2019-12-28 03:04:43 #19119.2]	WARNING	swSignalfd_onSignal (ERRNO 707): Unable to find callback function for signal Hangup: 1
[2019-12-28 03:04:43 #19119.2]	INFO	Server is shutdown now
[2019-12-28 03:04:43 *19123.0]	WARNING	swSignalfd_onSignal (ERRNO 707): Unable to find callback function for signal Hangup: 1
[2019-12-28 03:04:43 *19123.0]	WARNING	swSignalfd_onSignal (ERRNO 707): Unable to find callback function for signal Hangup: 1
[2019-12-28 03:04:43 *19124.1]	WARNING	swSignalfd_onSignal (ERRNO 707): Unable to find callback function for signal Hangup: 1
[2019-12-28 03:04:43 *19124.1]	WARNING	swSignalfd_onSignal (ERRNO 707): Unable to find callback function for signal Hangup: 1
[2019-12-28 03:04:43 *19125.2]	WARNING	swSignalfd_onSignal (ERRNO 707): Unable to find callback function for signal Hangup: 1
[2019-12-28 03:04:43 *19125.2]	WARNING	swSignalfd_onSignal (ERRNO 707): Unable to find callback function for signal Hangup: 1
[2019-12-28 03:04:43 *19128.5]	WARNING	swSignalfd_onSignal (ERRNO 707): Unable to find callback function for signal Hangup: 1
[2019-12-28 03:04:43 *19127.4]	WARNING	swSignalfd_onSignal (ERRNO 707): Unable to find callback function for signal Hangup: 1
[2019-12-28 03:04:43 *19127.4]	WARNING	swSignalfd_onSignal (ERRNO 707): Unable to find callback function for signal Hangup: 1
[2019-12-28 03:04:43 *19128.5]	WARNING	swSignalfd_onSignal (ERRNO 707): Unable to find callback function for signal Hangup: 1
[2019-12-28 05:58:07 *2919.0]	ERROR	php_swoole_server_rshutdown (ERRNO 503): Fatal error: Uncaught Error: Cannot access protected property EasySwoole\Socket\Client\WebSocket::$fd in /home/vagrant/code/easyswoole/App/Websocket/WebSocketParser.php:50
Stack trace:
#0 /home/vagrant/code/easyswoole/vendor/easyswoole/socket/src/Dispatcher.php(115): App\Websocket\WebSocketParser->encode(Object(EasySwoole\Socket\Bean\Response), Object(EasySwoole\Socket\Client\WebSocket))
#1 /home/vagrant/code/easyswoole/vendor/easyswoole/socket/src/Dispatcher.php(96): EasySwoole\Socket\Dispatcher->response(Object(Swoole\WebSocket\Server), Object(EasySwoole\Socket\Client\WebSocket), Object(EasySwoole\Socket\Bean\Response))
#2 /home/vagrant/code/easyswoole/EasySwooleEvent.php(73): EasySwoole\Socket\Dispatcher->dispatch(Object(Swoole\WebSocket\Server), '{"class":"Index...', Object(Swoole\WebSocket\Frame))
#3 [internal function]: EasySwoole\EasySwoole\EasySwooleEvent::EasySwoole\EasySwoole\{closure}(Object(Swoole\WebSocket\Server), Object(Swoole\WebSocket\Frame))
#4 /home/vagrant/code/easyswoole/vendor/easyswoole/easyswoole/s in /home/vagrant/code/easyswoole/App/Websocket/WebSocketParser.php on line 50
[2019-12-28 05:58:07 $2916.0]	WARNING	swManager_check_exit_status: worker#0[pid=2919] abnormal exit, status=255, signal=0
[2019-12-28 05:58:34 *2939.0]	ERROR	php_swoole_server_rshutdown (ERRNO 503): Fatal error: Uncaught Error: Cannot use object of type EasySwoole\Socket\Client\WebSocket as array in /home/vagrant/code/easyswoole/App/Websocket/WebSocketParser.php:50
Stack trace:
#0 /home/vagrant/code/easyswoole/vendor/easyswoole/socket/src/Dispatcher.php(115): App\Websocket\WebSocketParser->encode(Object(EasySwoole\Socket\Bean\Response), Object(EasySwoole\Socket\Client\WebSocket))
#1 /home/vagrant/code/easyswoole/vendor/easyswoole/socket/src/Dispatcher.php(96): EasySwoole\Socket\Dispatcher->response(Object(Swoole\WebSocket\Server), Object(EasySwoole\Socket\Client\WebSocket), Object(EasySwoole\Socket\Bean\Response))
#2 /home/vagrant/code/easyswoole/EasySwooleEvent.php(73): EasySwoole\Socket\Dispatcher->dispatch(Object(Swoole\WebSocket\Server), '{"class":"Index...', Object(Swoole\WebSocket\Frame))
#3 [internal function]: EasySwoole\EasySwoole\EasySwooleEvent::EasySwoole\EasySwoole\{closure}(Object(Swoole\WebSocket\Server), Object(Swoole\WebSocket\Frame))
#4 /home/vagrant/code/easyswoole/vendor/easyswoole/easyswoole/src/ in /home/vagrant/code/easyswoole/App/Websocket/WebSocketParser.php on line 50
[2019-12-28 05:58:34 $2936.0]	WARNING	swManager_check_exit_status: worker#0[pid=2939] abnormal exit, status=255, signal=0
[2019-12-28 06:03:50 *2997.0]	ERROR	php_swoole_server_rshutdown (ERRNO 503): Fatal error: Uncaught TypeError: Argument 1 passed to EasySwoole\Spl\SplBean::toArray() must be of the type array or null, object given, called in /home/vagrant/code/easyswoole/App/Websocket/WebSocketParser.php on line 50 and defined in /home/vagrant/code/easyswoole/vendor/easyswoole/spl/src/SplBean.php:54
Stack trace:
#0 /home/vagrant/code/easyswoole/App/Websocket/WebSocketParser.php(50): EasySwoole\Spl\SplBean->toArray(Object(EasySwoole\Socket\Client\WebSocket))
#1 /home/vagrant/code/easyswoole/vendor/easyswoole/socket/src/Dispatcher.php(115): App\Websocket\WebSocketParser->encode(Object(EasySwoole\Socket\Bean\Response), Object(EasySwoole\Socket\Client\WebSocket))
#2 /home/vagrant/code/easyswoole/vendor/easyswoole/socket/src/Dispatcher.php(96): EasySwoole\Socket\Dispatcher->response(Object(Swoole\WebSocket\Server), Object(EasySwoole\Socket\Client\WebSocket), Object(EasySwoole\Socket\Bean\Response))
#3 /home/vagrant/code/easyswoole/EasySwooleEvent.php(73): EasySwoole\Socket\Dispatcher->dispatch(Object(Swoole\WebSocket\Se in /home/vagrant/code/easyswoole/vendor/easyswoole/spl/src/SplBean.php on line 54
[2019-12-28 06:03:50 $2994.0]	WARNING	swManager_check_exit_status: worker#0[pid=2997] abnormal exit, status=255, signal=0
[2019-12-28 06:08:02 $3014.0]	WARNING	swManager_check_exit_status: worker#1[pid=3018] abnormal exit, status=0, signal=11
A bug occurred in Swoole-v4.4.13RC2, please report it.
The Swoole developers probably don't know about it,
and unless you report it, chances are it won't be fixed.
You can read How to report a bug doc before submitting any bug reports:
>> https://github.com/swoole/swoole-src/blob/master/.github/ISSUE.md 
Please do not send bug reports in the mailing list or personal letters.
The issue page is also suitable to submit feature requests.

[2019-12-30 03:55:54 *13010.0]	ERROR	php_swoole_server_rshutdown (ERRNO 503): Fatal error: Class App\Session\RedisHandler contains 1 abstract method and must therefore be declared abstract or implement the remaining methods (EasySwoole\Http\AbstractInterface\Controller::index) in /home/vagrant/code/easyswoole/App/Session/RedisHandler.php on line 9
[2019-12-30 03:55:54 $13007.0]	WARNING	swManager_check_exit_status: worker#0[pid=13010] abnormal exit, status=255, signal=0
[2019-12-31 02:52:51 #18023.0]	WARNING	swPort_onRead_http: Content-Length is too big, MaxSize=[2096547]
[2019-12-31 02:56:48 #18144.0]	WARNING	swPort_onRead_http: Content-Length is too big, MaxSize=[2096547]
[2019-12-31 02:57:08 #18144.0]	WARNING	swPort_onRead_http: Content-Length is too big, MaxSize=[2096547]
[2019-12-31 02:59:01 #18144.0]	WARNING	swPort_onRead_http: Content-Length is too big, MaxSize=[2096547]
[2019-12-31 03:00:36 #18333.0]	WARNING	swPort_onRead_http: Content-Length is too big, MaxSize=[2096547]
[2019-12-31 08:13:19 *19607.0]	ERROR	php_swoole_server_rshutdown (ERRNO 503): Fatal error: A function with return type must return a value (did you mean "return null;" instead of "return;"?) in /home/vagrant/code/easyswoole/App/HttpController/Admin/Login.php on line 51
[2019-12-31 08:13:19 $19604.0]	WARNING	swManager_check_exit_status: worker#0[pid=19607] abnormal exit, status=255, signal=0
[2019-12-31 09:34:10 #2583.0]	WARNING	swPort_onRead_http: Content-Length is too big, MaxSize=[2096590]
